<?xml version="1.0" encoding="UTF-8"?>
<!-- Generated by org.testng.reporters.JUnitReportReporter -->
<testsuite hostname="DESKTOP-9PF55R9" failures="0" tests="1" name="TestExcel.testDelete" time="4.564" errors="0" timestamp="2023-04-18T16:40:40 ICT" skipped="0">
  <testcase classname="TestExcel.testDelete" name="AddUserTest" time="4.564"/>
  <system-out/>
</testsuite> <!-- TestExcel.testDelete -->
