<?xml version="1.0" encoding="UTF-8"?>
<!-- Generated by org.testng.reporters.JUnitReportReporter -->
<testsuite hostname="DESKTOP-9PF55R9" failures="0" tests="1" name="TestExcel.TestASM" time="0.013" errors="0" timestamp="2023-04-17T00:01:11 ICT" skipped="0">
  <testcase classname="TestExcel.TestASM" name="LoginTest" time="0.013"/>
  <system-out/>
</testsuite> <!-- TestExcel.TestASM -->
