<?xml version="1.0" encoding="UTF-8"?>
<!-- Generated by org.testng.reporters.JUnitReportReporter -->
<testsuite hostname="TranTrungNghia" failures="0" tests="3" name="poly.SaveTestNGResultToExcel" time="11.851" errors="0" timestamp="2021-12-06T08:09:02 ICT" skipped="0">
  <testcase classname="poly.SaveTestNGResultToExcel" name="LaunchWebsite" time="6.386"/>
  <system-out/>
  <testcase classname="poly.SaveTestNGResultToExcel" name="FillLoginDetails" time="1.187"/>
  <system-out/>
  <testcase classname="poly.SaveTestNGResultToExcel" name="DoLogin" time="4.278"/>
  <system-out/>
</testsuite> <!-- poly.SaveTestNGResultToExcel -->
