<?xml version="1.0" encoding="UTF-8"?>
<!-- Generated by org.testng.reporters.JUnitReportReporter -->
<testsuite hostname="DESKTOP-9PF55R9" failures="0" tests="1" name="TestExcel.TestLogin" time="7.984" errors="0" timestamp="2023-04-18T16:22:03 ICT" skipped="0">
  <testcase classname="TestExcel.TestLogin" name="LoginTest" time="7.984"/>
  <system-out/>
</testsuite> <!-- TestExcel.TestLogin -->
