<?xml version="1.0" encoding="UTF-8"?>
<!-- Generated by org.testng.reporters.JUnitReportReporter -->
<testsuite hostname="Thoithienhuy" failures="0" tests="1" name="TestExcel.testUpdate" time="16.358" errors="0" timestamp="2023-04-19T00:22:21 ICT" skipped="0">
  <testcase classname="TestExcel.testUpdate" name="UpdateTest" time="16.358"/>
  <system-out/>
</testsuite> <!-- TestExcel.testUpdate -->
