<?xml version="1.0" encoding="UTF-8"?>
<!-- Generated by org.testng.reporters.JUnitReportReporter -->
<testsuite hostname="DESKTOP-9PF55R9" failures="0" tests="1" name="TestExcel.testSearch" time="10.328" errors="0" timestamp="2023-04-18T16:24:28 ICT" skipped="0">
  <testcase classname="TestExcel.testSearch" name="AddUserTest" time="10.328"/>
  <system-out/>
</testsuite> <!-- TestExcel.testSearch -->
