<?xml version="1.0" encoding="UTF-8"?>
<!-- Generated by org.testng.reporters.JUnitReportReporter -->
<testsuite hostname="TranTrungNghia" failures="0" tests="2" name="Bai3.TestApp" time="0.001" errors="0" timestamp="2021-12-06T08:12:26 ICT" skipped="0">
  <testcase classname="Bai3.TestApp" name="method1" time="0.001"/>
  <system-out/>
  <testcase classname="Bai3.TestApp" name="method2" time="0.000"/>
  <system-out/>
</testsuite> <!-- Bai3.TestApp -->
