<?xml version="1.0" encoding="UTF-8"?>
<!-- Generated by org.testng.reporters.JUnitReportReporter -->
<testsuite hostname="Thoithienhuy" failures="0" tests="1" name="TestExcel.testInsert" time="14.717" errors="0" timestamp="2023-04-18T22:46:34 ICT" skipped="0">
  <testcase classname="TestExcel.testInsert" name="AddUserTest" time="14.717"/>
  <system-out/>
</testsuite> <!-- TestExcel.testInsert -->
