<?xml version="1.0" encoding="UTF-8"?>
<!-- Generated by org.testng.reporters.JUnitReportReporter -->
<testsuite hostname="TranTrungNghia" failures="0" tests="2" name="Bai3.TestDatabase" time="0.002" errors="0" timestamp="2021-12-06T08:12:26 ICT" skipped="0">
  <testcase classname="Bai3.TestDatabase" name="testConnection" time="0.001"/>
  <system-out/>
  <testcase classname="Bai3.TestDatabase" name="initDB" time="0.001"/>
  <system-out/>
</testsuite> <!-- Bai3.TestDatabase -->
